[19:03:12] [main/INFO] (FabricLoader/GameProvider) Loading Minecraft 1.20.1 with Fabric Loader 0.17.3
[19:03:13] [main/INFO] (FabricLoader) Loading 71 mods:
	- additionalentityattributes 1.7.6+1.20.1
	- apoli 2.9.2+mc.1.20.x
	- calio 1.11.2+mc.1.20.x
	- cardinal-components-base 5.2.1
	- cardinal-components-entity 5.2.1
	- cloth-basic-math 0.6.1
	- cloth-config 11.0.99
	- fabric-api 0.92.6+1.20.1
	- fabric-api-base 0.4.32+1802ada577
	- fabric-api-lookup-api-v1 1.6.37+1802ada577
	- fabric-biome-api-v1 13.0.14+1802ada577
	- fabric-block-api-v1 1.0.12+1802ada577
	- fabric-block-view-api-v2 1.0.3+924f046a77
	- fabric-blockrenderlayer-v1 1.1.42+1802ada577
	- fabric-client-tags-api-v1 1.1.3+1802ada577
	- fabric-command-api-v1 1.2.35+f71b366f77
	- fabric-command-api-v2 2.2.14+1802ada577
	- fabric-commands-v0 0.2.52+df3654b377
	- fabric-containers-v0 0.1.67+df3654b377
	- fabric-content-registries-v0 4.0.13+1802ada577
	- fabric-convention-tags-v1 1.5.6+1802ada577
	- fabric-crash-report-info-v1 0.2.20+1802ada577
	- fabric-data-attachment-api-v1 1.0.2+de0fd6d177
	- fabric-data-generation-api-v1 12.3.7+1802ada577
	- fabric-dimensions-v1 2.1.55+1802ada577
	- fabric-entity-events-v1 1.6.1+1c78457f77
	- fabric-events-interaction-v0 0.6.5+13a40c6677
	- fabric-events-lifecycle-v0 0.2.64+df3654b377
	- fabric-game-rule-api-v1 1.0.41+1802ada577
	- fabric-gametest-api-v1 1.2.15+1802ada577
	- fabric-item-api-v1 2.1.29+1802ada577
	- fabric-item-group-api-v1 4.0.14+1802ada577
	- fabric-key-binding-api-v1 1.0.38+1802ada577
	- fabric-keybindings-v0 0.2.36+df3654b377
	- fabric-lifecycle-events-v1 2.2.23+1802ada577
	- fabric-loot-api-v2 1.2.3+1802ada577
	- fabric-loot-tables-v1 1.1.47+9e7660c677
	- fabric-message-api-v1 5.1.10+1802ada577
	- fabric-mining-level-api-v1 2.1.52+1802ada577
	- fabric-model-loading-api-v1 1.0.4+1802ada577
	- fabric-models-v0 0.4.3+9386d8a777
	- fabric-networking-api-v1 1.3.14+a158aa0477
	- fabric-networking-v0 0.3.54+df3654b377
	- fabric-object-builder-api-v1 11.1.5+e35120df77
	- fabric-particles-v1 1.1.3+1802ada577
	- fabric-recipe-api-v1 1.0.24+1802ada577
	- fabric-registry-sync-v0 2.3.6+1802ada577
	- fabric-renderer-api-v1 3.2.2+1802ada577
	- fabric-renderer-indigo 1.5.3+85287f9f77
	- fabric-renderer-registries-v1 3.2.47+df3654b377
	- fabric-rendering-data-attachment-v1 0.3.39+92a0d36777
	- fabric-rendering-fluids-v1 3.0.29+1802ada577
	- fabric-rendering-v0 1.1.50+df3654b377
	- fabric-rendering-v1 3.0.9+1802ada577
	- fabric-resource-conditions-api-v1 2.3.9+1802ada577
	- fabric-resource-loader-v0 0.11.12+fb82e9d777
	- fabric-screen-api-v1 2.0.9+1802ada577
	- fabric-screen-handler-api-v1 1.3.33+1802ada577
	- fabric-sound-api-v1 1.0.14+1802ada577
	- fabric-transfer-api-v1 3.3.6+8dd72ea377
	- fabric-transitive-access-wideners-v1 4.3.2+1802ada577
	- fabricloader 0.17.3
	- java 21
	- minecraft 1.20.1
	- mixinextras 0.5.0
	- mixinsquared 0.3.7-beta.1
	- modmenu 7.1.0
	- original 0.2
	- origins 1.10.2+mc.1.20.x
	- playerabilitylib 1.8.0
	- reach-entity-attributes 2.4.0
[19:03:13] [main/INFO] (FabricLoader/Mixin) SpongePowered MIXIN Subsystem Version=0.8.7 Source=file:/C:/Users/PC/.gradle/caches/modules-2/files-2.1/net.fabricmc/sponge-mixin/0.16.5+mixin.0.8.7/80fc3a9f592673cea87f4cd702f87991c6c9fe4d/sponge-mixin-0.16.5+mixin.0.8.7.jar Service=Knot/Fabric Env=CLIENT
[19:03:13] [main/INFO] (FabricLoader/Mixin) Loaded Fabric development mappings for mixin remapper!
[19:03:13] [main/INFO] (FabricLoader/Mixin) Compatibility level set to JAVA_16
[19:03:13] [main/INFO] (FabricLoader/Mixin) Compatibility level set to JAVA_17
[19:03:14] [main/INFO] (FabricLoader/MixinExtras|Service) Initializing MixinExtras via com.llamalad7.mixinextras.service.MixinExtrasServiceImpl(version=0.5.0).
[19:03:18] [Datafixer Bootstrap/INFO] (Minecraft) 188 Datafixer optimizations took 123 milliseconds
[19:03:20] [Render thread/INFO] (Minecraft) [STDERR]: [LWJGL] [ThreadLocalUtil] Unsupported JNI version detected, this may result in a crash. Please inform LWJGL developers.
[19:03:20] [Render thread/INFO] (Minecraft) Environment: authHost='https://authserver.mojang.com', accountsHost='https://api.mojang.com', sessionHost='https://sessionserver.mojang.com', servicesHost='https://api.minecraftservices.com', name='PROD'
[19:03:21] [Render thread/ERROR] (Minecraft) Failed to verify authentication
com.mojang.authlib.exceptions.InvalidCredentialsException: Status: 401
	at com.mojang.authlib.exceptions.MinecraftClientHttpException.toAuthenticationException(MinecraftClientHttpException.java:56) ~[authlib-4.0.43.jar:?]
	at com.mojang.authlib.yggdrasil.YggdrasilUserApiService.fetchProperties(YggdrasilUserApiService.java:156) ~[authlib-4.0.43.jar:?]
	at com.mojang.authlib.yggdrasil.YggdrasilUserApiService.<init>(YggdrasilUserApiService.java:55) ~[authlib-4.0.43.jar:?]
	at com.mojang.authlib.yggdrasil.YggdrasilAuthenticationService.createUserApiService(YggdrasilAuthenticationService.java:124) ~[authlib-4.0.43.jar:?]
	at net.minecraft.client.MinecraftClient.createUserApiService(MinecraftClient.java:733) ~[minecraft-merged-5ee63b7f31-1.20.1-net.fabricmc.yarn.1_20_1.1.20.1+build.10-v2.jar:?]
	at net.minecraft.client.MinecraftClient.<init>(MinecraftClient.java:442) ~[minecraft-merged-5ee63b7f31-1.20.1-net.fabricmc.yarn.1_20_1.1.20.1+build.10-v2.jar:?]
	at net.minecraft.client.main.Main.main(Main.java:211) ~[minecraft-merged-5ee63b7f31-1.20.1-net.fabricmc.yarn.1_20_1.1.20.1+build.10-v2.jar:?]
	at net.fabricmc.loader.impl.game.minecraft.MinecraftGameProvider.launch(MinecraftGameProvider.java:506) ~[fabric-loader-0.17.3.jar:?]
	at net.fabricmc.loader.impl.launch.knot.Knot.launch(Knot.java:72) ~[fabric-loader-0.17.3.jar:?]
	at net.fabricmc.loader.impl.launch.knot.KnotClient.main(KnotClient.java:23) ~[fabric-loader-0.17.3.jar:?]
	at net.fabricmc.devlaunchinjector.Main.main(Main.java:86) ~[dev-launch-injector-0.2.1+build.8.jar:?]
Caused by: com.mojang.authlib.exceptions.MinecraftClientHttpException: Status: 401
	at com.mojang.authlib.minecraft.client.MinecraftClient.readInputStream(MinecraftClient.java:85) ~[authlib-4.0.43.jar:?]
	at com.mojang.authlib.minecraft.client.MinecraftClient.get(MinecraftClient.java:48) ~[authlib-4.0.43.jar:?]
	at com.mojang.authlib.yggdrasil.YggdrasilUserApiService.fetchProperties(YggdrasilUserApiService.java:129) ~[authlib-4.0.43.jar:?]
	... 9 more
[19:03:21] [Render thread/INFO] (Minecraft) Setting user: Player737
[19:03:21] [Render thread/INFO] (Origins) Origins 1.10.2 is initializing. Have fun!
[19:03:21] [Render thread/INFO] (original) Loading Original
[19:03:21] [Render thread/INFO] (original) Loaded effects
[19:03:21] [Render thread/INFO] (original) Loaded Original
[19:03:21] [Render thread/INFO] (Apoli) Apoli 2.9.2 has initialized. Ready to power up your game!
[19:03:21] [Worker-Main-1/INFO] (Mod Menu/Update Checker) Checking mod updates...
[19:03:22] [Render thread/INFO] (Indigo) [Indigo] Registering Indigo renderer!
[19:03:22] [Render thread/INFO] (Minecraft) Backend library: LWJGL version 3.3.2-snapshot
[19:03:23] [Render thread/INFO] (Minecraft) Reloading ResourceManager: vanilla, fabric (fabric-renderer-api-v1, fabric-commands-v0, fabric-transfer-api-v1, fabric-events-lifecycle-v0, fabric-data-generation-api-v1, origins, fabric-keybindings-v0, modmenu, fabric-resource-loader-v0, fabric-particles-v1, fabric-renderer-registries-v1, fabric-networking-api-v1, calio, fabric-mining-level-api-v1, cloth-config, fabric-biome-api-v1, fabric-registry-sync-v0, additionalentityattributes, fabric-message-api-v1, fabric-models-v0, reach-entity-attributes, fabric-rendering-data-attachment-v1, fabric-sound-api-v1, fabric-object-builder-api-v1, fabric-loot-api-v2, fabric-screen-handler-api-v1, fabric-item-group-api-v1, fabric-block-view-api-v2, fabric-api-base, fabric-crash-report-info-v1, fabric-client-tags-api-v1, original, fabric-events-interaction-v0, cardinal-components-entity, apoli, fabric-networking-v0, fabric-model-loading-api-v1, fabric-block-api-v1, fabric-command-api-v2, fabric-recipe-api-v1, fabric-resource-conditions-api-v1, fabric-content-registries-v0, fabric-gametest-api-v1, fabric-key-binding-api-v1, fabric-rendering-v0, fabric-rendering-fluids-v1, fabric-api-lookup-api-v1, fabric-screen-api-v1, fabric-lifecycle-events-v1, cardinal-components-base, fabric-item-api-v1, fabric-containers-v0, fabric-api, fabric-convention-tags-v1, playerabilitylib, fabric-command-api-v1, fabric-data-attachment-api-v1, fabric-renderer-indigo, fabric-game-rule-api-v1, fabric-loot-tables-v1, fabric-rendering-v1, fabric-entity-events-v1, fabricloader, fabric-blockrenderlayer-v1, fabric-dimensions-v1, fabric-transitive-access-wideners-v1)
[19:03:23] [Worker-Main-6/INFO] (Minecraft) Found unifont_all_no_pua-15.0.06.hex, loading
[19:03:24] [Realms Notification Availability checker #1/INFO] (Minecraft) Could not authorize you against Realms server: java.lang.RuntimeException: Failed to parse into SignedJWT: FabricMC
[19:03:25] [Render thread/WARN] (Minecraft) Missing sound for event: minecraft:item.goat_horn.play
[19:03:25] [Render thread/WARN] (Minecraft) Missing sound for event: minecraft:entity.goat.screaming.horn_break
[19:03:25] [Render thread/INFO] (Minecraft) OpenAL initialized on device OpenAL Soft on Speakers (spacedesk virtual Speaker)
[19:03:25] [Render thread/INFO] (Minecraft) Sound engine started
[19:03:25] [Render thread/INFO] (Minecraft) Created: 1024x512x4 minecraft:textures/atlas/blocks.png-atlas
[19:03:25] [Render thread/INFO] (Minecraft) Created: 256x256x4 minecraft:textures/atlas/signs.png-atlas
[19:03:25] [Render thread/INFO] (Minecraft) Created: 512x512x4 minecraft:textures/atlas/banner_patterns.png-atlas
[19:03:25] [Render thread/INFO] (Minecraft) Created: 512x512x4 minecraft:textures/atlas/shield_patterns.png-atlas
[19:03:25] [Render thread/INFO] (Minecraft) Created: 1024x1024x4 minecraft:textures/atlas/armor_trims.png-atlas
[19:03:25] [Render thread/INFO] (Minecraft) Created: 256x256x4 minecraft:textures/atlas/chest.png-atlas
[19:03:25] [Render thread/INFO] (Minecraft) Created: 128x64x4 minecraft:textures/atlas/decorated_pot.png-atlas
[19:03:25] [Render thread/INFO] (Minecraft) Created: 512x256x4 minecraft:textures/atlas/beds.png-atlas
[19:03:25] [Render thread/INFO] (Minecraft) Created: 512x256x4 minecraft:textures/atlas/shulker_boxes.png-atlas
[19:03:26] [Render thread/WARN] (Minecraft) Shader rendertype_entity_translucent_emissive could not find sampler named Sampler2 in the specified shader program.
[19:03:26] [Render thread/INFO] (Minecraft) Created: 256x256x0 minecraft:textures/atlas/particles.png-atlas
[19:03:26] [Render thread/INFO] (Minecraft) Created: 256x256x0 minecraft:textures/atlas/paintings.png-atlas
[19:03:26] [Render thread/INFO] (Minecraft) Created: 128x128x0 minecraft:textures/atlas/mob_effects.png-atlas
[19:03:52] [Render thread/INFO] (FabricRegistrySync) [fabric-registry-sync] Loaded registry data [file 1/4]
[19:03:52] [Render thread/INFO] (Minecraft) Loaded 7 recipes
[19:03:52] [Render thread/INFO] (Minecraft) Loaded 1273 advancements
[19:03:52] [Render thread/INFO] (Apoli) Finished loading powers from data files. Registry contains 140 powers.
[19:03:52] [Render thread/INFO] (Origins) Finished loading origins from data files. Registry contains 18 origins.
[19:03:52] [Render thread/INFO] (Origins) Trying to read layer file: origins:origin
[19:03:52] [Render thread/INFO] (Origins) Trying to read layer file: origins:origin
[19:03:52] [Render thread/INFO] (Origins) Finished loading origin layers from data files. Read 1 layers.
[19:03:52] [Render thread/INFO] (Apoli) Loaded 0 global power sets.
[19:03:53] [Render thread/INFO] (BiomeModificationImpl) Applied 0 biome modifications to 0 of 64 new biomes in 1.086 ms
[19:03:53] [Server thread/INFO] (Minecraft) Starting integrated minecraft server version 1.20.1
[19:03:53] [Server thread/INFO] (Minecraft) Generating keypair
[19:03:53] [Server thread/INFO] (Minecraft) Preparing start region for dimension minecraft:overworld
[19:03:55] [Render thread/INFO] (Minecraft) Preparing spawn area: 0%
[19:03:55] [Render thread/INFO] (Minecraft) Preparing spawn area: 0%
[19:03:55] [Render thread/INFO] (Minecraft) Preparing spawn area: 0%
[19:03:55] [Render thread/INFO] (Minecraft) Preparing spawn area: 0%
[19:03:55] [Render thread/INFO] (Minecraft) Preparing spawn area: 0%
[19:03:55] [Render thread/INFO] (Minecraft) Preparing spawn area: 54%
[19:03:56] [Render thread/INFO] (Minecraft) Time elapsed: 2779 ms
[19:03:56] [Server thread/INFO] (Minecraft) Changing view distance to 12, from 10
[19:03:56] [Server thread/INFO] (Minecraft) Changing simulation distance to 12, from 0
[19:03:57] [Server thread/INFO] (Minecraft) Player737[local:E:0a0254a5] logged in with entity id 85 at (9.802369135255242, -58.82324072493576, 6.340489031141657)
[19:03:57] [Server thread/INFO] (Minecraft) Player737 joined the game
[19:03:57] [Render thread/INFO] (Minecraft) Loaded 2 advancements
[19:03:57] [Render thread/WARN] (Minecraft) Shader color_convolve could not find uniform named InSize in the specified shader program.
[19:04:08] [Server thread/INFO] (Minecraft) Saving and pausing game...
[19:04:08] [Server thread/INFO] (Minecraft) Saving chunks for level 'ServerLevel[New World]'/minecraft:overworld
[19:04:08] [Server thread/INFO] (Minecraft) Saving chunks for level 'ServerLevel[New World]'/minecraft:the_nether
[19:04:08] [Server thread/INFO] (Minecraft) Saving chunks for level 'ServerLevel[New World]'/minecraft:the_end
[19:04:29] [Server thread/INFO] (Minecraft) [Player737: Applied effect Slowness to Player737]
[19:04:29] [Render thread/INFO] (Minecraft) [System] [CHAT] Applied effect Slowness to Player737
[19:04:39] [Server thread/INFO] (Minecraft) Saving and pausing game...
[19:04:39] [Server thread/INFO] (Minecraft) Saving chunks for level 'ServerLevel[New World]'/minecraft:overworld
[19:04:39] [Server thread/INFO] (Minecraft) Saving chunks for level 'ServerLevel[New World]'/minecraft:the_nether
[19:04:39] [Server thread/INFO] (Minecraft) Saving chunks for level 'ServerLevel[New World]'/minecraft:the_end
[19:04:47] [Server thread/INFO] (Minecraft) [Player737: Removed every effect from Player737]
[19:04:47] [Render thread/INFO] (Minecraft) [System] [CHAT] Removed every effect from Player737
[19:04:49] [Render thread/INFO] (Minecraft) Loaded 19 advancements
[19:04:50] [Server thread/INFO] (Minecraft) Saving and pausing game...
[19:04:50] [Server thread/INFO] (Minecraft) Saving chunks for level 'ServerLevel[New World]'/minecraft:overworld
[19:04:50] [Server thread/INFO] (Minecraft) Saving chunks for level 'ServerLevel[New World]'/minecraft:the_nether
[19:04:50] [Server thread/INFO] (Minecraft) Saving chunks for level 'ServerLevel[New World]'/minecraft:the_end
[19:04:58] [Server thread/INFO] (Minecraft) Player737 lost connection: Disconnected
[19:04:58] [Server thread/INFO] (Minecraft) Player737 left the game
[19:04:58] [Server thread/INFO] (Minecraft) Stopping singleplayer server as player logged out
[19:04:58] [Server thread/INFO] (Minecraft) Stopping server
[19:04:58] [Server thread/INFO] (Minecraft) Saving players
[19:04:58] [Server thread/INFO] (Minecraft) Saving worlds
[19:04:58] [Server thread/INFO] (Minecraft) Saving chunks for level 'ServerLevel[New World]'/minecraft:overworld
[19:04:58] [Server thread/INFO] (Minecraft) Saving chunks for level 'ServerLevel[New World]'/minecraft:the_nether
[19:04:58] [Server thread/INFO] (Minecraft) Saving chunks for level 'ServerLevel[New World]'/minecraft:the_end
[19:04:58] [Server thread/INFO] (Minecraft) ThreadedAnvilChunkStorage (New World): All chunks are saved
[19:04:58] [Server thread/INFO] (Minecraft) ThreadedAnvilChunkStorage (DIM-1): All chunks are saved
[19:04:58] [Server thread/INFO] (Minecraft) ThreadedAnvilChunkStorage (DIM1): All chunks are saved
[19:04:58] [Server thread/INFO] (Minecraft) ThreadedAnvilChunkStorage: All dimensions are saved
[19:04:59] [Render thread/INFO] (Minecraft) Stopping!
